#
# There is insufficient memory for the Java Runtime Environment to continue.
# Native memory allocation (mmap) failed to map 65536 bytes. Error detail: Failed to commit metaspace.
# Possible reasons:
#   The system is out of physical RAM or swap space
#   This process is running with CompressedOops enabled, and the Java Heap may be blocking the growth of the native heap
# Possible solutions:
#   Reduce memory load on the system
#   Increase physical memory or swap space
#   Check if swap backing store is full
#   Decrease Java heap size (-Xmx/-Xms)
#   Decrease number of Java threads
#   Decrease Java thread stack sizes (-Xss)
#   Set larger code cache with -XX:ReservedCodeCacheSize=
#   JVM is running with Unscaled Compressed Oops mode in which the Java heap is
#     placed in the first 4GB address space. The Java Heap base address is the
#     maximum limit for the native heap growth. Please use -XX:HeapBaseMinAddress
#     to set the Java Heap base and to place the Java Heap above 4GB virtual address.
# This output file may be truncated or incomplete.
#
#  Out of Memory Error (virtualSpaceNode.cpp:110), pid=16092, tid=8744
#
# JRE version: OpenJDK Runtime Environment Temurin-17.0.11+9 (17.0.11+9) (build 17.0.11+9)
# Java VM: OpenJDK 64-Bit Server VM Temurin-17.0.11+9 (17.0.11+9, mixed mode, tiered, compressed oops, compressed class ptrs, parallel gc, windows-amd64)
# No core dump will be written. Minidumps are not enabled by default on client versions of Windows
#

---------------  S U M M A R Y ------------

Command Line: --add-modules=ALL-SYSTEM --add-opens=java.base/java.util=ALL-UNNAMED --add-opens=java.base/java.lang=ALL-UNNAMED --add-opens=java.base/sun.nio.fs=ALL-UNNAMED -Declipse.application=org.eclipse.jdt.ls.core.id1 -Dosgi.bundles.defaultStartLevel=4 -Declipse.product=org.eclipse.jdt.ls.core.product -Djava.import.generatesMetadataFilesAtProjectRoot=false -DDetectVMInstallationsJob.disabled=true -Dfile.encoding=utf8 -XX:+UseParallelGC -XX:GCTimeRatio=4 -XX:AdaptiveSizePolicyWeight=90 -Dsun.zip.disableMemoryMapping=true -Xmx1G -Xms100m -Xlog:disable -javaagent:c:\Users\Matthew_Dev\.vscode\extensions\redhat.java-1.32.0-win32-x64\lombok\lombok-1.18.33.jar c:\Users\Matthew_Dev\.vscode\extensions\redhat.java-1.32.0-win32-x64\server\plugins\org.eclipse.equinox.launcher_1.6.900.v20240613-2009.jar -configuration c:\Users\Matthew_Dev\AppData\Roaming\Code\User\globalStorage\redhat.java\1.32.0\config_ss_win -data c:\Users\Matthew_Dev\AppData\Roaming\Code\User\workspaceStorage\2a9e000e0fc0325a71d877b88c194fe5\redhat.java\ss_ws --pipe=\\.\pipe\lsp-1d51b1fab54429c796e241f03f1811b7-sock

Host: Intel(R) Core(TM) i3-1005G1 CPU @ 1.20GHz, 4 cores, 15G,  Windows 10 , 64 bit Build 19041 (10.0.19041.4597)
Time: Tue Jul  9 00:09:40 2024 Hora oficial do Brasil elapsed time: 1.165771 seconds (0d 0h 0m 1s)

---------------  T H R E A D  ---------------

Current thread (0x000002315ef82e80):  JavaThread "main" [_thread_in_vm, id=8744, stack(0x00000077fce00000,0x00000077fcf00000)]

Stack: [0x00000077fce00000,0x00000077fcf00000]
Native frames: (J=compiled Java code, j=interpreted, Vv=VM code, C=native code)
V  [jvm.dll+0x67d429]
V  [jvm.dll+0x834b7a]
V  [jvm.dll+0x83663e]
V  [jvm.dll+0x836ca3]
V  [jvm.dll+0x247dbf]
V  [jvm.dll+0x83083b]
V  [jvm.dll+0x621d56]
V  [jvm.dll+0x1c1b3e]
V  [jvm.dll+0x6246b1]
V  [jvm.dll+0x6226f6]
V  [jvm.dll+0x23d6c6]
V  [jvm.dll+0x1ec56b]
V  [jvm.dll+0x1e1f11]
V  [jvm.dll+0x54250e]
V  [jvm.dll+0x7aecb8]
V  [jvm.dll+0x7aeda4]
V  [jvm.dll+0x4106a5]
V  [jvm.dll+0x416819]
C  [java.dll+0x17ec]

Java frames: (J=compiled Java code, j=interpreted, Vv=VM code)
j  java.lang.ClassLoader.defineClass1(Ljava/lang/ClassLoader;Ljava/lang/String;[BIILjava/security/ProtectionDomain;Ljava/lang/String;)Ljava/lang/Class;+0 java.base@17.0.11
j  java.lang.ClassLoader.defineClass(Ljava/lang/String;[BIILjava/security/ProtectionDomain;)Ljava/lang/Class;+27 java.base@17.0.11
j  java.lang.ClassLoader.defineClass(Ljava/lang/String;[BII)Ljava/lang/Class;+7 java.base@17.0.11
j  lombok.launch.ShadowClassLoader.urlToDefineClass(Ljava/lang/String;Ljava/net/URL;Z)Ljava/lang/Class;+155
j  lombok.launch.ShadowClassLoader.loadClass(Ljava/lang/String;Z)Ljava/lang/Class;+238
j  java.lang.ClassLoader.loadClass(Ljava/lang/String;)Ljava/lang/Class;+3 java.base@17.0.11
v  ~StubRoutines::call_stub
j  lombok.patcher.scripts.ScriptBuilder.setSymbolDuringMethodCall()Llombok/patcher/scripts/ScriptBuilder$SetSymbolDuringMethodCallBuilder;+0
j  lombok.eclipse.agent.EclipsePatcher.patchFormatters(Llombok/patcher/ScriptManager;)V+4
j  lombok.eclipse.agent.EclipsePatcher.patchHideGeneratedNodes(Llombok/patcher/ScriptManager;)V+297
j  lombok.eclipse.agent.EclipsePatcher.registerPatchScripts(Ljava/lang/instrument/Instrumentation;ZLjava/lang/Class;)V+80
j  lombok.eclipse.agent.EclipsePatcher.runAgent(Ljava/lang/String;Ljava/lang/instrument/Instrumentation;ZLjava/lang/Class;)V+4
j  lombok.core.AgentLauncher.runAgents(Ljava/lang/String;Ljava/lang/instrument/Instrumentation;ZLjava/lang/Class;)V+62
v  ~StubRoutines::call_stub
j  jdk.internal.reflect.NativeMethodAccessorImpl.invoke0(Ljava/lang/reflect/Method;Ljava/lang/Object;[Ljava/lang/Object;)Ljava/lang/Object;+0 java.base@17.0.11
j  jdk.internal.reflect.NativeMethodAccessorImpl.invoke(Ljava/lang/Object;[Ljava/lang/Object;)Ljava/lang/Object;+133 java.base@17.0.11
j  jdk.internal.reflect.DelegatingMethodAccessorImpl.invoke(Ljava/lang/Object;[Ljava/lang/Object;)Ljava/lang/Object;+6 java.base@17.0.11
j  java.lang.reflect.Method.invoke(Ljava/lang/Object;[Ljava/lang/Object;)Ljava/lang/Object;+59 java.base@17.0.11
j  lombok.launch.Agent.runLauncher(Ljava/lang/String;Ljava/lang/instrument/Instrumentation;Z)V+73
j  lombok.launch.Agent.premain(Ljava/lang/String;Ljava/lang/instrument/Instrumentation;)V+3
v  ~StubRoutines::call_stub
j  jdk.internal.reflect.NativeMethodAccessorImpl.invoke0(Ljava/lang/reflect/Method;Ljava/lang/Object;[Ljava/lang/Object;)Ljava/lang/Object;+0 java.base@17.0.11
j  jdk.internal.reflect.NativeMethodAccessorImpl.invoke(Ljava/lang/Object;[Ljava/lang/Object;)Ljava/lang/Object;+133 java.base@17.0.11
j  jdk.internal.reflect.DelegatingMethodAccessorImpl.invoke(Ljava/lang/Object;[Ljava/lang/Object;)Ljava/lang/Object;+6 java.base@17.0.11
j  java.lang.reflect.Method.invoke(Ljava/lang/Object;[Ljava/lang/Object;)Ljava/lang/Object;+59 java.base@17.0.11
j  sun.instrument.InstrumentationImpl.loadClassAndStartAgent(Ljava/lang/String;Ljava/lang/String;Ljava/lang/String;)V+166 java.instrument@17.0.11
j  sun.instrument.InstrumentationImpl.loadClassAndCallPremain(Ljava/lang/String;Ljava/lang/String;)V+6 java.instrument@17.0.11
v  ~StubRoutines::call_stub

---------------  P R O C E S S  ---------------

Threads class SMR info:
_java_thread_list=0x0000023179febbc0, length=11, elements={
0x000002315ef82e80, 0x000002315f039bf0, 0x000002315f03c460, 0x0000023174d3c140,
0x0000023174d3ec10, 0x0000023174d3f5d0, 0x0000023174d41fa0, 0x0000023174d44ca0,
0x0000023174d6d5e0, 0x0000023179f2f5b0, 0x0000023179ffbd20
}

Java Threads: ( => current thread )
=>0x000002315ef82e80 JavaThread "main" [_thread_in_vm, id=8744, stack(0x00000077fce00000,0x00000077fcf00000)]
  0x000002315f039bf0 JavaThread "Reference Handler" daemon [_thread_blocked, id=7652, stack(0x00000077fd100000,0x00000077fd200000)]
  0x000002315f03c460 JavaThread "Finalizer" daemon [_thread_blocked, id=6660, stack(0x00000077fd200000,0x00000077fd300000)]
  0x0000023174d3c140 JavaThread "Signal Dispatcher" daemon [_thread_blocked, id=2136, stack(0x00000077fd300000,0x00000077fd400000)]
  0x0000023174d3ec10 JavaThread "Attach Listener" daemon [_thread_blocked, id=12344, stack(0x00000077fd400000,0x00000077fd500000)]
  0x0000023174d3f5d0 JavaThread "Service Thread" daemon [_thread_blocked, id=16920, stack(0x00000077fd500000,0x00000077fd600000)]
  0x0000023174d41fa0 JavaThread "Monitor Deflation Thread" daemon [_thread_blocked, id=13532, stack(0x00000077fd600000,0x00000077fd700000)]
  0x0000023174d44ca0 JavaThread "C2 CompilerThread0" daemon [_thread_blocked, id=14864, stack(0x00000077fd700000,0x00000077fd800000)]
  0x0000023174d6d5e0 JavaThread "C1 CompilerThread0" daemon [_thread_blocked, id=12356, stack(0x00000077fd800000,0x00000077fd900000)]
  0x0000023179f2f5b0 JavaThread "Sweeper thread" daemon [_thread_blocked, id=4548, stack(0x00000077fd900000,0x00000077fda00000)]
  0x0000023179ffbd20 JavaThread "Common-Cleaner" daemon [_thread_blocked, id=2828, stack(0x00000077fda00000,0x00000077fdb00000)]

Other Threads:
  0x0000023174d05fa0 VMThread "VM Thread" [stack: 0x00000077fd000000,0x00000077fd100000] [id=14480]
  0x000002315ef99db0 GCTaskThread "GC Thread#0" [stack: 0x00000077fcf00000,0x00000077fd000000] [id=14748]

Threads with active compile tasks:

VM state: not at safepoint (normal execution)

VM Mutex/Monitor currently owned by a thread:  ([mutex/lock_event])
[0x000002315ef7c780] Metaspace_lock - owner thread: 0x000002315ef82e80

Heap address: 0x00000000c0000000, size: 1024 MB, Compressed Oops mode: 32-bit

CDS archive(s) not mapped
Compressed class space mapped at: 0x0000000100000000-0x0000000140000000, reserved size: 1073741824
Narrow klass base: 0x0000000000000000, Narrow klass shift: 3, Narrow klass range: 0x140000000

GC Precious Log:
 CPUs: 4 total, 4 available
 Memory: 16165M
 Large Page Support: Disabled
 NUMA Support: Disabled
 Compressed Oops: Enabled (32-bit)
 Alignments: Space 512K, Generation 512K, Heap 2M
 Heap Min Capacity: 100M
 Heap Initial Capacity: 100M
 Heap Max Capacity: 1G
 Pre-touch: Disabled
 Parallel Workers: 4

Heap:
 PSYoungGen      total 29696K, used 7867K [0x00000000eab00000, 0x00000000ecc00000, 0x0000000100000000)
  eden space 25600K, 30% used [0x00000000eab00000,0x00000000eb2aee58,0x00000000ec400000)
  from space 4096K, 0% used [0x00000000ec800000,0x00000000ec800000,0x00000000ecc00000)
  to   space 4096K, 0% used [0x00000000ec400000,0x00000000ec400000,0x00000000ec800000)
 ParOldGen       total 68608K, used 0K [0x00000000c0000000, 0x00000000c4300000, 0x00000000eab00000)
  object space 68608K, 0% used [0x00000000c0000000,0x00000000c0000000,0x00000000c4300000)
 Metaspace       used 6252K, committed 6400K, reserved 1114112K
  class space    used 609K, committed 704K, reserved 1048576K

Card table byte_map: [0x00000231725e0000,0x00000231727f0000] _byte_map_base: 0x0000023171fe0000

Marking Bits: (ParMarkBitMap*) 0x00007ffe1b52d820
 Begin Bits: [0x0000023172950000, 0x0000023173950000)
 End Bits:   [0x0000023173950000, 0x0000023174950000)

Polling page: 0x000002315f040000

Metaspace:

Usage:
  Non-class:      5.51 MB used.
      Class:    609.41 KB used.
       Both:      6.11 MB used.

Virtual space:
  Non-class space:       64.00 MB reserved,       5.56 MB (  9%) committed,  1 nodes.
      Class space:        1.00 GB reserved,     704.00 KB ( <1%) committed,  1 nodes.
             Both:        1.06 GB reserved,       6.25 MB ( <1%) committed. 

Chunk freelists:
   Non-Class:  10.23 MB
       Class:  15.22 MB
        Both:  25.45 MB

MaxMetaspaceSize: unlimited
CompressedClassSpaceSize: 1.00 GB
Initial GC threshold: 21.00 MB
Current GC threshold: 21.00 MB
CDS: off
MetaspaceReclaimPolicy: balanced
 - commit_granule_bytes: 65536.
 - commit_granule_words: 8192.
 - virtual_space_node_default_size: 8388608.
 - enlarge_chunks_in_place: 1.
 - new_chunks_are_fully_committed: 0.
 - uncommit_free_chunks: 1.
 - use_allocation_guard: 0.
 - handle_deallocations: 1.


Internal statistics:

num_allocs_failed_limit: 0.
num_arena_births: 10.
num_arena_deaths: 0.
num_vsnodes_births: 2.
num_vsnodes_deaths: 0.
num_space_committed: 100.
num_space_uncommitted: 0.
num_chunks_returned_to_freelist: 0.
num_chunks_taken_from_freelist: 33.
num_chunk_merges: 0.
num_chunk_splits: 21.
num_chunks_enlarged: 21.
num_inconsistent_stats: 0.

CodeHeap 'non-profiled nmethods': size=120000Kb used=125Kb max_used=125Kb free=119874Kb
 bounds [0x000002316aed0000, 0x000002316b140000, 0x0000023172400000]
CodeHeap 'profiled nmethods': size=120000Kb used=536Kb max_used=536Kb free=119463Kb
 bounds [0x0000023163400000, 0x0000023163670000, 0x000002316a930000]
CodeHeap 'non-nmethods': size=5760Kb used=1107Kb max_used=1124Kb free=4652Kb
 bounds [0x000002316a930000, 0x000002316aba0000, 0x000002316aed0000]
 total_blobs=778 nmethods=404 adapters=289
 compilation: enabled
              stopped_count=0, restarted_count=0
 full_count=0

Compilation events (20 events):
Event: 1.150 Thread 0x0000023174d6d5e0  393       3       java.util.WeakHashMap::getTable (9 bytes)
Event: 1.150 Thread 0x0000023174d6d5e0 nmethod 393 0x0000023163482690 code [0x0000023163482820, 0x0000023163482968]
Event: 1.150 Thread 0x0000023174d6d5e0  394       3       java.util.WeakHashMap::indexFor (6 bytes)
Event: 1.150 Thread 0x0000023174d6d5e0 nmethod 394 0x0000023163482a10 code [0x0000023163482ba0, 0x0000023163482c98]
Event: 1.151 Thread 0x0000023174d6d5e0  395       3       java.lang.String::newStringUTF8NoRepl (274 bytes)
Event: 1.151 Thread 0x0000023174d44ca0  396 %     4       lombok.launch.PackageShader::apply @ 76 (252 bytes)
Event: 1.152 Thread 0x0000023174d6d5e0 nmethod 395 0x0000023163482d10 code [0x0000023163482fc0, 0x0000023163483e68]
Event: 1.153 Thread 0x0000023174d6d5e0  397       1       java.lang.AbstractStringBuilder::length (5 bytes)
Event: 1.153 Thread 0x0000023174d6d5e0 nmethod 397 0x000002316aeed090 code [0x000002316aeed220, 0x000002316aeed2f8]
Event: 1.154 Thread 0x0000023174d6d5e0  398       3       java.util.ArrayList::iterator (9 bytes)
Event: 1.155 Thread 0x0000023174d6d5e0 nmethod 398 0x0000023163484390 code [0x0000023163484540, 0x0000023163484798]
Event: 1.155 Thread 0x0000023174d6d5e0  399       3       java.util.ArrayList$Itr::<init> (26 bytes)
Event: 1.155 Thread 0x0000023174d6d5e0 nmethod 399 0x0000023163484890 code [0x0000023163484a20, 0x0000023163484bb8]
Event: 1.160 Thread 0x0000023174d6d5e0  401       3       java.util.Collections$UnmodifiableMap::get (11 bytes)
Event: 1.160 Thread 0x0000023174d6d5e0 nmethod 401 0x0000023163484c90 code [0x0000023163484e40, 0x0000023163485008]
Event: 1.160 Thread 0x0000023174d6d5e0  402       3       java.util.Collections$UnmodifiableCollection$1::hasNext (10 bytes)
Event: 1.160 Thread 0x0000023174d6d5e0 nmethod 402 0x0000023163485110 code [0x00000231634852c0, 0x0000023163485488]
Event: 1.163 Thread 0x0000023174d6d5e0  404       3       java.util.ArrayList$Itr::next (66 bytes)
Event: 1.164 Thread 0x0000023174d6d5e0 nmethod 404 0x0000023163485590 code [0x0000023163485780, 0x0000023163485b48]
Event: 1.164 Thread 0x0000023174d6d5e0  405       3       java.util.ArrayList$Itr::checkForComodification (23 bytes)

GC Heap History (0 events):
No events

Dll operation events (8 events):
Event: 0.033 Loaded shared library c:\Users\Matthew_Dev\.vscode\extensions\redhat.java-1.32.0-win32-x64\jre\17.0.11-win32-x86_64\bin\java.dll
Event: 0.653 Loaded shared library c:\Users\Matthew_Dev\.vscode\extensions\redhat.java-1.32.0-win32-x64\jre\17.0.11-win32-x86_64\bin\zip.dll
Event: 0.660 Loaded shared library C:\Users\Matthew_Dev\.vscode\extensions\redhat.java-1.32.0-win32-x64\jre\17.0.11-win32-x86_64\bin\instrument.dll
Event: 0.694 Loaded shared library C:\Users\Matthew_Dev\.vscode\extensions\redhat.java-1.32.0-win32-x64\jre\17.0.11-win32-x86_64\bin\net.dll
Event: 0.697 Loaded shared library C:\Users\Matthew_Dev\.vscode\extensions\redhat.java-1.32.0-win32-x64\jre\17.0.11-win32-x86_64\bin\nio.dll
Event: 0.715 Loaded shared library C:\Users\Matthew_Dev\.vscode\extensions\redhat.java-1.32.0-win32-x64\jre\17.0.11-win32-x86_64\bin\zip.dll
Event: 0.760 Loaded shared library C:\Users\Matthew_Dev\.vscode\extensions\redhat.java-1.32.0-win32-x64\jre\17.0.11-win32-x86_64\bin\jimage.dll
Event: 0.908 Loaded shared library c:\Users\Matthew_Dev\.vscode\extensions\redhat.java-1.32.0-win32-x64\jre\17.0.11-win32-x86_64\bin\verify.dll

Deoptimization events (20 events):
Event: 0.734 Thread 0x000002315ef82e80 Uncommon trap: trap_request=0xffffffde fr.pc=0x000002316aedc720 relative=0x00000000000004c0
Event: 0.734 Thread 0x000002315ef82e80 Uncommon trap: reason=class_check action=maybe_recompile pc=0x000002316aedc720 method=java.util.HashMap.putVal(ILjava/lang/Object;Ljava/lang/Object;ZZ)Ljava/lang/Object; @ 152 c2
Event: 0.734 Thread 0x000002315ef82e80 DEOPT PACKING pc=0x000002316aedc720 sp=0x00000077fcefe4a0
Event: 0.734 Thread 0x000002315ef82e80 DEOPT UNPACKING pc=0x000002316a989ea3 sp=0x00000077fcefe3f0 mode 2
Event: 0.734 Thread 0x000002315ef82e80 Uncommon trap: trap_request=0xffffffde fr.pc=0x000002316aedc720 relative=0x00000000000004c0
Event: 0.734 Thread 0x000002315ef82e80 Uncommon trap: reason=class_check action=maybe_recompile pc=0x000002316aedc720 method=java.util.HashMap.putVal(ILjava/lang/Object;Ljava/lang/Object;ZZ)Ljava/lang/Object; @ 152 c2
Event: 0.734 Thread 0x000002315ef82e80 DEOPT PACKING pc=0x000002316aedc720 sp=0x00000077fcefe4a0
Event: 0.734 Thread 0x000002315ef82e80 DEOPT UNPACKING pc=0x000002316a989ea3 sp=0x00000077fcefe3f0 mode 2
Event: 0.734 Thread 0x000002315ef82e80 Uncommon trap: trap_request=0xffffffde fr.pc=0x000002316aedc720 relative=0x00000000000004c0
Event: 0.734 Thread 0x000002315ef82e80 Uncommon trap: reason=class_check action=maybe_recompile pc=0x000002316aedc720 method=java.util.HashMap.putVal(ILjava/lang/Object;Ljava/lang/Object;ZZ)Ljava/lang/Object; @ 152 c2
Event: 0.734 Thread 0x000002315ef82e80 DEOPT PACKING pc=0x000002316aedc720 sp=0x00000077fcefe4a0
Event: 0.734 Thread 0x000002315ef82e80 DEOPT UNPACKING pc=0x000002316a989ea3 sp=0x00000077fcefe3f0 mode 2
Event: 1.146 Thread 0x000002315ef82e80 Uncommon trap: trap_request=0xffffff45 fr.pc=0x000002316aedc758 relative=0x00000000000004f8
Event: 1.146 Thread 0x000002315ef82e80 Uncommon trap: reason=unstable_if action=reinterpret pc=0x000002316aedc758 method=java.util.HashMap.putVal(ILjava/lang/Object;Ljava/lang/Object;ZZ)Ljava/lang/Object; @ 69 c2
Event: 1.146 Thread 0x000002315ef82e80 DEOPT PACKING pc=0x000002316aedc758 sp=0x00000077fcefd420
Event: 1.146 Thread 0x000002315ef82e80 DEOPT UNPACKING pc=0x000002316a989ea3 sp=0x00000077fcefd390 mode 2
Event: 1.151 Thread 0x000002315ef82e80 DEOPT PACKING pc=0x0000023163449922 sp=0x00000077fcefc8b0
Event: 1.151 Thread 0x000002315ef82e80 DEOPT UNPACKING pc=0x000002316a98a9e3 sp=0x00000077fcefbd10 mode 0
Event: 1.161 Thread 0x000002315ef82e80 DEOPT PACKING pc=0x000002316341a727 sp=0x00000077fcefcb90
Event: 1.161 Thread 0x000002315ef82e80 DEOPT UNPACKING pc=0x000002316a98a9e3 sp=0x00000077fcefc040 mode 0

Classes unloaded (0 events):
No events

Classes redefined (0 events):
No events

Internal exceptions (2 events):
Event: 0.588 Thread 0x000002315ef82e80 Exception <a 'java/lang/NoSuchMethodError'{0x00000000eacb5248}: 'void java.lang.invoke.DirectMethodHandle$Holder.invokeStatic(java.lang.Object, java.lang.Object, java.lang.Object)'> (0x00000000eacb5248) 
thrown [s\src\hotspot\share\interpreter\linkResolver.cpp, line 759]
Event: 0.976 Thread 0x000002315ef82e80 Exception <a 'java/lang/reflect/InvocationTargetException'{0x00000000eafea510}> (0x00000000eafea510) 
thrown [s\src\hotspot\share\runtime\reflection.cpp, line 1121]

VM Operations (2 events):
Event: 0.601 Executing VM operation: HandshakeAllThreads
Event: 0.601 Executing VM operation: HandshakeAllThreads done

Events (20 events):
Event: 1.024 loading class java/util/regex/Pattern$Branch
Event: 1.024 loading class java/util/regex/Pattern$Branch done
Event: 1.025 loading class java/util/regex/Pattern$StartS
Event: 1.025 loading class java/util/regex/Pattern$StartS done
Event: 1.025 loading class java/util/regex/Pattern$Curly
Event: 1.025 loading class java/util/regex/Pattern$Curly done
Event: 1.025 loading class java/util/regex/Pattern$Ques
Event: 1.025 loading class java/util/regex/Pattern$Ques done
Event: 1.025 loading class java/util/regex/Pattern$Loop
Event: 1.025 loading class java/util/regex/Pattern$Loop done
Event: 1.025 loading class java/util/regex/Pattern$Prolog
Event: 1.026 loading class java/util/regex/Pattern$Prolog done
Event: 1.026 loading class java/util/regex/Pattern$Dollar
Event: 1.026 loading class java/util/regex/Pattern$Dollar done
Event: 1.026 loading class java/util/regex/Pattern$GroupCurly
Event: 1.026 loading class java/util/regex/Pattern$GroupCurly done
Event: 1.065 loading class java/util/Collections$SingletonSet
Event: 1.065 loading class java/util/Collections$SingletonSet done
Event: 1.065 loading class java/util/Collections$1
Event: 1.065 loading class java/util/Collections$1 done


Dynamic libraries:
0x00007ff78b110000 - 0x00007ff78b11e000 	c:\Users\Matthew_Dev\.vscode\extensions\redhat.java-1.32.0-win32-x64\jre\17.0.11-win32-x86_64\bin\java.exe
0x00007ffe79db0000 - 0x00007ffe79fa8000 	C:\WINDOWS\SYSTEM32\ntdll.dll
0x00007ffe78e20000 - 0x00007ffe78ee1000 	C:\WINDOWS\System32\KERNEL32.DLL
0x00007ffe77990000 - 0x00007ffe77c86000 	C:\WINDOWS\System32\KERNELBASE.dll
0x00007ffe77460000 - 0x00007ffe77560000 	C:\WINDOWS\System32\ucrtbase.dll
0x00007ffe71290000 - 0x00007ffe712a7000 	c:\Users\Matthew_Dev\.vscode\extensions\redhat.java-1.32.0-win32-x64\jre\17.0.11-win32-x86_64\bin\jli.dll
0x00007ffe78820000 - 0x00007ffe789bf000 	C:\WINDOWS\System32\USER32.dll
0x00007ffe77770000 - 0x00007ffe77792000 	C:\WINDOWS\System32\win32u.dll
0x00007ffe79340000 - 0x00007ffe7936b000 	C:\WINDOWS\System32\GDI32.dll
0x00007ffe777a0000 - 0x00007ffe778b7000 	C:\WINDOWS\System32\gdi32full.dll
0x00007ffe778f0000 - 0x00007ffe7798d000 	C:\WINDOWS\System32\msvcp_win.dll
0x00007ffe6ce40000 - 0x00007ffe6ce5b000 	c:\Users\Matthew_Dev\.vscode\extensions\redhat.java-1.32.0-win32-x64\jre\17.0.11-win32-x86_64\bin\VCRUNTIME140.dll
0x00007ffe5b750000 - 0x00007ffe5b9ea000 	C:\WINDOWS\WinSxS\amd64_microsoft.windows.common-controls_6595b64144ccf1df_6.0.19041.4355_none_60b8b9eb71f62e16\COMCTL32.dll
0x00007ffe78f10000 - 0x00007ffe78fae000 	C:\WINDOWS\System32\msvcrt.dll
0x00007ffe79230000 - 0x00007ffe7925f000 	C:\WINDOWS\System32\IMM32.DLL
0x00007ffe71f20000 - 0x00007ffe71f2c000 	c:\Users\Matthew_Dev\.vscode\extensions\redhat.java-1.32.0-win32-x64\jre\17.0.11-win32-x86_64\bin\vcruntime140_1.dll
0x00007ffe38a50000 - 0x00007ffe38add000 	c:\Users\Matthew_Dev\.vscode\extensions\redhat.java-1.32.0-win32-x64\jre\17.0.11-win32-x86_64\bin\msvcp140.dll
0x00007ffe1a990000 - 0x00007ffe1b5f2000 	c:\Users\Matthew_Dev\.vscode\extensions\redhat.java-1.32.0-win32-x64\jre\17.0.11-win32-x86_64\bin\server\jvm.dll
0x00007ffe77f30000 - 0x00007ffe77fe0000 	C:\WINDOWS\System32\ADVAPI32.dll
0x00007ffe77de0000 - 0x00007ffe77e80000 	C:\WINDOWS\System32\sechost.dll
0x00007ffe78aa0000 - 0x00007ffe78bc3000 	C:\WINDOWS\System32\RPCRT4.dll
0x00007ffe778c0000 - 0x00007ffe778e7000 	C:\WINDOWS\System32\bcrypt.dll
0x00007ffe772b0000 - 0x00007ffe772fb000 	C:\WINDOWS\SYSTEM32\POWRPROF.dll
0x00007ffe43010000 - 0x00007ffe43019000 	C:\WINDOWS\SYSTEM32\WSOCK32.dll
0x00007ffe78d00000 - 0x00007ffe78d6b000 	C:\WINDOWS\System32\WS2_32.dll
0x00007ffe49c80000 - 0x00007ffe49ca7000 	C:\WINDOWS\SYSTEM32\WINMM.dll
0x00007ffe688e0000 - 0x00007ffe688ea000 	C:\WINDOWS\SYSTEM32\VERSION.dll
0x00007ffe77290000 - 0x00007ffe772a2000 	C:\WINDOWS\SYSTEM32\UMPDC.dll
0x00007ffe75c30000 - 0x00007ffe75c42000 	C:\WINDOWS\SYSTEM32\kernel.appcore.dll
0x00007ffe71260000 - 0x00007ffe7126a000 	c:\Users\Matthew_Dev\.vscode\extensions\redhat.java-1.32.0-win32-x64\jre\17.0.11-win32-x86_64\bin\jimage.dll
0x00007ffe6c730000 - 0x00007ffe6c914000 	C:\WINDOWS\SYSTEM32\DBGHELP.DLL
0x00007ffe56e50000 - 0x00007ffe56e84000 	C:\WINDOWS\SYSTEM32\dbgcore.DLL
0x00007ffe77d50000 - 0x00007ffe77dd2000 	C:\WINDOWS\System32\bcryptPrimitives.dll
0x00007ffe711c0000 - 0x00007ffe711ce000 	c:\Users\Matthew_Dev\.vscode\extensions\redhat.java-1.32.0-win32-x64\jre\17.0.11-win32-x86_64\bin\instrument.dll
0x00007ffe4a4e0000 - 0x00007ffe4a505000 	c:\Users\Matthew_Dev\.vscode\extensions\redhat.java-1.32.0-win32-x64\jre\17.0.11-win32-x86_64\bin\java.dll
0x00007ffe52260000 - 0x00007ffe52278000 	c:\Users\Matthew_Dev\.vscode\extensions\redhat.java-1.32.0-win32-x64\jre\17.0.11-win32-x86_64\bin\zip.dll
0x00007ffe77fe0000 - 0x00007ffe7874c000 	C:\WINDOWS\System32\SHELL32.dll
0x00007ffe753d0000 - 0x00007ffe75b6d000 	C:\WINDOWS\SYSTEM32\windows.storage.dll
0x00007ffe79490000 - 0x00007ffe797e3000 	C:\WINDOWS\System32\combase.dll
0x00007ffe76db0000 - 0x00007ffe76dde000 	C:\WINDOWS\SYSTEM32\Wldp.dll
0x00007ffe789d0000 - 0x00007ffe78a9d000 	C:\WINDOWS\System32\OLEAUT32.dll
0x00007ffe77e80000 - 0x00007ffe77f2d000 	C:\WINDOWS\System32\SHCORE.dll
0x00007ffe78760000 - 0x00007ffe787b5000 	C:\WINDOWS\System32\shlwapi.dll
0x00007ffe77390000 - 0x00007ffe773b4000 	C:\WINDOWS\SYSTEM32\profapi.dll
0x00007ffe50790000 - 0x00007ffe507a9000 	C:\Users\Matthew_Dev\.vscode\extensions\redhat.java-1.32.0-win32-x64\jre\17.0.11-win32-x86_64\bin\net.dll
0x00007ffe6a980000 - 0x00007ffe6aa8a000 	C:\WINDOWS\SYSTEM32\WINHTTP.dll
0x00007ffe76ac0000 - 0x00007ffe76b2a000 	C:\WINDOWS\system32\mswsock.dll
0x00007ffe49f10000 - 0x00007ffe49f26000 	C:\Users\Matthew_Dev\.vscode\extensions\redhat.java-1.32.0-win32-x64\jre\17.0.11-win32-x86_64\bin\nio.dll
0x00007ffe6cc50000 - 0x00007ffe6cc60000 	c:\Users\Matthew_Dev\.vscode\extensions\redhat.java-1.32.0-win32-x64\jre\17.0.11-win32-x86_64\bin\verify.dll

dbghelp: loaded successfully - version: 4.0.5 - missing functions: none
symbol engine: initialized successfully - sym options: 0x614 - pdb path: .;c:\Users\Matthew_Dev\.vscode\extensions\redhat.java-1.32.0-win32-x64\jre\17.0.11-win32-x86_64\bin;C:\WINDOWS\SYSTEM32;C:\WINDOWS\WinSxS\amd64_microsoft.windows.common-controls_6595b64144ccf1df_6.0.19041.4355_none_60b8b9eb71f62e16;c:\Users\Matthew_Dev\.vscode\extensions\redhat.java-1.32.0-win32-x64\jre\17.0.11-win32-x86_64\bin\server

VM Arguments:
jvm_args: --add-modules=ALL-SYSTEM --add-opens=java.base/java.util=ALL-UNNAMED --add-opens=java.base/java.lang=ALL-UNNAMED --add-opens=java.base/sun.nio.fs=ALL-UNNAMED -Declipse.application=org.eclipse.jdt.ls.core.id1 -Dosgi.bundles.defaultStartLevel=4 -Declipse.product=org.eclipse.jdt.ls.core.product -Djava.import.generatesMetadataFilesAtProjectRoot=false -DDetectVMInstallationsJob.disabled=true -Dfile.encoding=utf8 -XX:+UseParallelGC -XX:GCTimeRatio=4 -XX:AdaptiveSizePolicyWeight=90 -Dsun.zip.disableMemoryMapping=true -Xmx1G -Xms100m -Xlog:disable -javaagent:c:\Users\Matthew_Dev\.vscode\extensions\redhat.java-1.32.0-win32-x64\lombok\lombok-1.18.33.jar 
java_command: c:\Users\Matthew_Dev\.vscode\extensions\redhat.java-1.32.0-win32-x64\server\plugins\org.eclipse.equinox.launcher_1.6.900.v20240613-2009.jar -configuration c:\Users\Matthew_Dev\AppData\Roaming\Code\User\globalStorage\redhat.java\1.32.0\config_ss_win -data c:\Users\Matthew_Dev\AppData\Roaming\Code\User\workspaceStorage\2a9e000e0fc0325a71d877b88c194fe5\redhat.java\ss_ws --pipe=\\.\pipe\lsp-1d51b1fab54429c796e241f03f1811b7-sock
java_class_path (initial): c:\Users\Matthew_Dev\.vscode\extensions\redhat.java-1.32.0-win32-x64\server\plugins\org.eclipse.equinox.launcher_1.6.900.v20240613-2009.jar
Launcher Type: SUN_STANDARD

[Global flags]
    uintx AdaptiveSizePolicyWeight                 = 90                                        {product} {command line}
     intx CICompilerCount                          = 3                                         {product} {ergonomic}
    uintx GCTimeRatio                              = 4                                         {product} {command line}
   size_t InitialHeapSize                          = 104857600                                 {product} {command line}
   size_t MaxHeapSize                              = 1073741824                                {product} {command line}
   size_t MaxNewSize                               = 357564416                                 {product} {ergonomic}
   size_t MinHeapDeltaBytes                        = 524288                                    {product} {ergonomic}
   size_t MinHeapSize                              = 104857600                                 {product} {command line}
   size_t NewSize                                  = 34603008                                  {product} {ergonomic}
    uintx NonNMethodCodeHeapSize                   = 5832780                                {pd product} {ergonomic}
    uintx NonProfiledCodeHeapSize                  = 122912730                              {pd product} {ergonomic}
   size_t OldSize                                  = 70254592                                  {product} {ergonomic}
    uintx ProfiledCodeHeapSize                     = 122912730                              {pd product} {ergonomic}
    uintx ReservedCodeCacheSize                    = 251658240                              {pd product} {ergonomic}
     bool SegmentedCodeCache                       = true                                      {product} {ergonomic}
   size_t SoftMaxHeapSize                          = 1073741824                             {manageable} {ergonomic}
     bool UseCompressedClassPointers               = true                           {product lp64_product} {ergonomic}
     bool UseCompressedOops                        = true                           {product lp64_product} {ergonomic}
     bool UseLargePagesIndividualAllocation        = false                                  {pd product} {ergonomic}
     bool UseParallelGC                            = true                                      {product} {command line}

Logging:
Log output configuration:
 #0: stdout all=off uptime,level,tags
 #1: stderr all=off uptime,level,tags

Environment Variables:
JAVA_HOME=C:\Program Files\Java\jdk-17
PATH=C:\Program Files\Common Files\Oracle\Java\javapath;C:\WINDOWS\system32;C:\WINDOWS;C:\WINDOWS\System32\Wbem;C:\WINDOWS\System32\WindowsPowerShell\v1.0\;C:\WINDOWS\System32\OpenSSH\;C:\ProgramData\chocolatey\bin;C:\Program Files (x86)\Yarn\bin\;C:\Users\Matthew_Dev\AppData\Local\Android\Sdk\emulator;C:\Users\Matthew_Dev\AppData\Local\Android\Sdk\tools;C:\Users\Matthew_Dev\AppData\Local\Android\Sdk\tools\bin;C:\Users\Matthew_Dev\AppData\Local\Android\Sdk\platform-tools;C:\Program Files (x86)\dotnet\;C:\Program Files\Microsoft VS Code\bin;C:\Users\Matthew_Dev\Downloads;C:\Program Files\Java\jdk-17\bin;C:\maven\bin;C:\Program Files\Git\cmd;C:\Users\Matthew_Dev\AppData\Roaming\nvm;C:\Program Files\nodejs;C:\Program Files\Amazon\AWSCLIV2\;C:\Users\Matthew_Dev\AppData\Local\Programs\Python\Python312;C:\Program Files\PostgreSQL\16\bin;C:\Program Files\GitHub CLI\;C:\kotlinc\bin;;C:\Program Files\Docker\Docker\resources\bin;C:\Users\Matthew_Dev\.console-ninja\.bin;C:\Users\Matthew_Dev\AppData\Local\Programs\Python\Python312\Scripts\;C:\Users\Matthew_Dev\AppData\Local\Programs\Python\Python312\;C:\Users\Matthew_Dev\AppData\Local\Programs\Python\Launcher\;C:\Users\Matthew_Dev\AppData\Local\Programs\Python\Python311\Scripts\;C:\Users\Matthew_Dev\AppData\Local\Programs\Python\Python311\;C:\Users\Matthew_Dev\AppData\Local\pnpm;C:\Users\Matthew_Dev\scoop\shims;C:\Users\Matthew_Dev\AppData\Local\Microsoft\WindowsApps;C:\Users\Matthew_Dev\AppData\Local\Yarn\bin;C:\Users\Matthew_Dev\AppData\Roaming\nvm;C:\Users\Matthew_Dev\AppData\Roaming\nvm;C:\Users\Matthew_Dev\AppData\Roaming\nvm;C:\Program Files\nodejs;C:\Users\Matthew_Dev\AppData\Local\Programs\Python\Python312;C:\Program Files\JetBrains\IntelliJ IDEA Community Edition 2024.1\bin;;C:\Users\Matthew_Dev\AppData\Local\Google\Cloud SDK\google-cloud-sdk\bin;C:\Users\Matthew_Dev\AppData\Local\Programs\oh-my-posh\bin;C:\Users\Matthew_Dev\AppData\Local\Google\Cloud SDK\google-cloud-sdk\bin;C:\Program Files (x86)\Google\Cloud SDK\google
USERNAME=Matthew_Dev
OS=Windows_NT
PROCESSOR_IDENTIFIER=Intel64 Family 6 Model 126 Stepping 5, GenuineIntel
TMP=C:\Users\MATTHE~1\AppData\Local\Temp
TEMP=C:\Users\MATTHE~1\AppData\Local\Temp



Periodic native trim disabled


---------------  S Y S T E M  ---------------

OS:
 Windows 10 , 64 bit Build 19041 (10.0.19041.4597)
OS uptime: 0 days 13:16 hours
Hyper-V role detected

CPU: total 4 (initial active 4) (2 cores per cpu, 2 threads per core) family 6 model 126 stepping 5 microcode 0xbc, cx8, cmov, fxsr, ht, mmx, 3dnowpref, sse, sse2, sse3, ssse3, sse4.1, sse4.2, popcnt, lzcnt, tsc, tscinvbit, avx, avx2, aes, erms, clmul, bmi1, bmi2, adx, avx512f, avx512dq, avx512cd, avx512bw, avx512vl, sha, fma, vzeroupper, avx512_vpopcntdq, avx512_vpclmulqdq, avx512_vaes, avx512_vnni, clflush, clflushopt, avx512_vbmi2, avx512_vbmi, hv
Processor Information for all 4 processors :
  Max Mhz: 1190, Current Mhz: 1190, Mhz Limit: 1190

Memory: 4k page, system-wide physical 16165M (748M free)
TotalPageFile size 23140M (AvailPageFile size 4M)
current process WorkingSet (physical memory assigned to process): 41M, peak: 41M
current process commit charge ("private bytes"): 175M, peak: 175M

vm_info: OpenJDK 64-Bit Server VM (17.0.11+9) for windows-amd64 JRE (17.0.11+9), built on Apr 17 2024 06:07:48 by "admin" with MS VC++ 16.10 / 16.11 (VS2019)

END.
